<?xml version="1.0" encoding="UTF-8"?>
<coverage generated="1662907394171" clover="3.2.0">
  <project timestamp="1662907394171" name="All files">
    <metrics statements="192" coveredstatements="192" conditionals="25" coveredconditionals="25" methods="5" coveredmethods="5" elements="222" coveredelements="222" complexity="0" loc="192" ncloc="192" packages="1" files="5" classes="5"/>
    <file name="Address.js" path="C:\Users\Dmitriy\Desktop\CustomerJS\src\Address.js">
      <metrics statements="21" coveredstatements="21" conditionals="1" coveredconditionals="1" methods="1" coveredmethods="1"/>
      <line num="1" count="1" type="stmt"/>
      <line num="2" count="1" type="cond" truecount="1" falsecount="0"/>
      <line num="3" count="26" type="stmt"/>
      <line num="4" count="26" type="stmt"/>
      <line num="5" count="26" type="stmt"/>
      <line num="6" count="26" type="stmt"/>
      <line num="7" count="26" type="stmt"/>
      <line num="8" count="26" type="stmt"/>
      <line num="9" count="26" type="stmt"/>
      <line num="10" count="26" type="stmt"/>
      <line num="11" count="26" type="stmt"/>
      <line num="12" count="26" type="stmt"/>
      <line num="13" count="26" type="stmt"/>
      <line num="14" count="26" type="stmt"/>
      <line num="15" count="26" type="stmt"/>
      <line num="16" count="26" type="stmt"/>
      <line num="17" count="26" type="stmt"/>
      <line num="18" count="26" type="stmt"/>
      <line num="19" count="1" type="stmt"/>
      <line num="20" count="1" type="stmt"/>
      <line num="21" count="1" type="stmt"/>
    </file>
    <file name="AddressValidator.js" path="C:\Users\Dmitriy\Desktop\CustomerJS\src\AddressValidator.js">
      <metrics statements="81" coveredstatements="81" conditionals="13" coveredconditionals="13" methods="1" coveredmethods="1"/>
      <line num="1" count="1" type="stmt"/>
      <line num="2" count="1" type="stmt"/>
      <line num="3" count="1" type="stmt"/>
      <line num="4" count="1" type="stmt"/>
      <line num="5" count="1" type="stmt"/>
      <line num="6" count="1" type="stmt"/>
      <line num="7" count="1" type="stmt"/>
      <line num="8" count="1" type="stmt"/>
      <line num="9" count="1" type="stmt"/>
      <line num="10" count="1" type="stmt"/>
      <line num="11" count="1" type="stmt"/>
      <line num="12" count="1" type="stmt"/>
      <line num="13" count="1" type="stmt"/>
      <line num="14" count="1" type="stmt"/>
      <line num="15" count="1" type="stmt"/>
      <line num="16" count="1" type="stmt"/>
      <line num="17" count="1" type="stmt"/>
      <line num="18" count="1" type="stmt"/>
      <line num="19" count="1" type="stmt"/>
      <line num="20" count="1" type="stmt"/>
      <line num="21" count="1" type="stmt"/>
      <line num="22" count="1" type="stmt"/>
      <line num="23" count="1" type="stmt"/>
      <line num="24" count="1" type="stmt"/>
      <line num="25" count="1" type="stmt"/>
      <line num="26" count="1" type="stmt"/>
      <line num="27" count="15" type="cond" truecount="1" falsecount="0"/>
      <line num="28" count="15" type="stmt"/>
      <line num="29" count="15" type="stmt"/>
      <line num="30" count="15" type="cond" truecount="1" falsecount="0"/>
      <line num="31" count="1" type="stmt"/>
      <line num="32" count="1" type="stmt"/>
      <line num="33" count="15" type="stmt"/>
      <line num="34" count="15" type="cond" truecount="1" falsecount="0"/>
      <line num="35" count="1" type="stmt"/>
      <line num="36" count="1" type="stmt"/>
      <line num="37" count="15" type="stmt"/>
      <line num="38" count="15" type="cond" truecount="1" falsecount="0"/>
      <line num="39" count="1" type="stmt"/>
      <line num="40" count="1" type="stmt"/>
      <line num="41" count="15" type="stmt"/>
      <line num="42" count="15" type="cond" truecount="1" falsecount="0"/>
      <line num="43" count="1" type="stmt"/>
      <line num="44" count="1" type="stmt"/>
      <line num="45" count="15" type="stmt"/>
      <line num="46" count="15" type="cond" truecount="1" falsecount="0"/>
      <line num="47" count="1" type="stmt"/>
      <line num="48" count="1" type="stmt"/>
      <line num="49" count="15" type="stmt"/>
      <line num="50" count="15" type="cond" truecount="1" falsecount="0"/>
      <line num="51" count="1" type="stmt"/>
      <line num="52" count="1" type="stmt"/>
      <line num="53" count="15" type="stmt"/>
      <line num="54" count="15" type="cond" truecount="1" falsecount="0"/>
      <line num="55" count="1" type="stmt"/>
      <line num="56" count="1" type="stmt"/>
      <line num="57" count="15" type="stmt"/>
      <line num="58" count="15" type="cond" truecount="1" falsecount="0"/>
      <line num="59" count="1" type="stmt"/>
      <line num="60" count="1" type="stmt"/>
      <line num="61" count="15" type="stmt"/>
      <line num="62" count="15" type="cond" truecount="1" falsecount="0"/>
      <line num="63" count="1" type="stmt"/>
      <line num="64" count="1" type="stmt"/>
      <line num="65" count="15" type="stmt"/>
      <line num="66" count="15" type="cond" truecount="1" falsecount="0"/>
      <line num="67" count="1" type="stmt"/>
      <line num="68" count="1" type="stmt"/>
      <line num="69" count="15" type="stmt"/>
      <line num="70" count="15" type="cond" truecount="1" falsecount="0"/>
      <line num="71" count="1" type="stmt"/>
      <line num="72" count="1" type="stmt"/>
      <line num="73" count="15" type="stmt"/>
      <line num="74" count="15" type="cond" truecount="1" falsecount="0"/>
      <line num="75" count="2" type="stmt"/>
      <line num="76" count="2" type="stmt"/>
      <line num="77" count="15" type="stmt"/>
      <line num="78" count="15" type="stmt"/>
      <line num="79" count="15" type="stmt"/>
      <line num="80" count="1" type="stmt"/>
      <line num="81" count="1" type="stmt"/>
    </file>
    <file name="Customer.js" path="C:\Users\Dmitriy\Desktop\CustomerJS\src\Customer.js">
      <metrics statements="24" coveredstatements="24" conditionals="1" coveredconditionals="1" methods="1" coveredmethods="1"/>
      <line num="1" count="1" type="stmt"/>
      <line num="2" count="1" type="stmt"/>
      <line num="3" count="1" type="stmt"/>
      <line num="4" count="1" type="cond" truecount="1" falsecount="0"/>
      <line num="5" count="10" type="stmt"/>
      <line num="6" count="10" type="stmt"/>
      <line num="7" count="10" type="stmt"/>
      <line num="8" count="10" type="stmt"/>
      <line num="9" count="10" type="stmt"/>
      <line num="10" count="10" type="stmt"/>
      <line num="11" count="10" type="stmt"/>
      <line num="12" count="10" type="stmt"/>
      <line num="13" count="10" type="stmt"/>
      <line num="14" count="10" type="stmt"/>
      <line num="15" count="10" type="stmt"/>
      <line num="16" count="10" type="stmt"/>
      <line num="17" count="10" type="stmt"/>
      <line num="18" count="10" type="stmt"/>
      <line num="19" count="10" type="stmt"/>
      <line num="20" count="10" type="stmt"/>
      <line num="21" count="10" type="stmt"/>
      <line num="22" count="1" type="stmt"/>
      <line num="23" count="1" type="stmt"/>
      <line num="24" count="1" type="stmt"/>
    </file>
    <file name="CustomerValidator.js" path="C:\Users\Dmitriy\Desktop\CustomerJS\src\CustomerValidator.js">
      <metrics statements="58" coveredstatements="58" conditionals="9" coveredconditionals="9" methods="1" coveredmethods="1"/>
      <line num="1" count="1" type="stmt"/>
      <line num="2" count="1" type="stmt"/>
      <line num="3" count="1" type="stmt"/>
      <line num="4" count="1" type="stmt"/>
      <line num="5" count="1" type="stmt"/>
      <line num="6" count="1" type="stmt"/>
      <line num="7" count="1" type="stmt"/>
      <line num="8" count="1" type="stmt"/>
      <line num="9" count="1" type="stmt"/>
      <line num="10" count="1" type="stmt"/>
      <line num="11" count="1" type="stmt"/>
      <line num="12" count="1" type="stmt"/>
      <line num="13" count="1" type="stmt"/>
      <line num="14" count="1" type="stmt"/>
      <line num="15" count="1" type="stmt"/>
      <line num="16" count="1" type="stmt"/>
      <line num="17" count="1" type="stmt"/>
      <line num="18" count="1" type="stmt"/>
      <line num="19" count="1" type="stmt"/>
      <line num="20" count="9" type="cond" truecount="1" falsecount="0"/>
      <line num="21" count="9" type="stmt"/>
      <line num="22" count="9" type="stmt"/>
      <line num="23" count="9" type="cond" truecount="1" falsecount="0"/>
      <line num="24" count="1" type="stmt"/>
      <line num="25" count="1" type="stmt"/>
      <line num="26" count="9" type="stmt"/>
      <line num="27" count="9" type="cond" truecount="1" falsecount="0"/>
      <line num="28" count="1" type="stmt"/>
      <line num="29" count="1" type="stmt"/>
      <line num="30" count="9" type="stmt"/>
      <line num="31" count="9" type="cond" truecount="1" falsecount="0"/>
      <line num="32" count="1" type="stmt"/>
      <line num="33" count="1" type="stmt"/>
      <line num="34" count="9" type="stmt"/>
      <line num="35" count="9" type="cond" truecount="1" falsecount="0"/>
      <line num="36" count="1" type="stmt"/>
      <line num="37" count="1" type="stmt"/>
      <line num="38" count="9" type="stmt"/>
      <line num="39" count="9" type="cond" truecount="1" falsecount="0"/>
      <line num="40" count="1" type="stmt"/>
      <line num="41" count="1" type="stmt"/>
      <line num="42" count="9" type="stmt"/>
      <line num="43" count="9" type="cond" truecount="1" falsecount="0"/>
      <line num="44" count="1" type="stmt"/>
      <line num="45" count="1" type="stmt"/>
      <line num="46" count="9" type="stmt"/>
      <line num="47" count="9" type="cond" truecount="1" falsecount="0"/>
      <line num="48" count="1" type="stmt"/>
      <line num="49" count="1" type="stmt"/>
      <line num="50" count="9" type="stmt"/>
      <line num="51" count="9" type="cond" truecount="1" falsecount="0"/>
      <line num="52" count="1" type="stmt"/>
      <line num="53" count="1" type="stmt"/>
      <line num="54" count="9" type="stmt"/>
      <line num="55" count="9" type="stmt"/>
      <line num="56" count="9" type="stmt"/>
      <line num="57" count="1" type="stmt"/>
      <line num="58" count="1" type="stmt"/>
    </file>
    <file name="Person.js" path="C:\Users\Dmitriy\Desktop\CustomerJS\src\Person.js">
      <metrics statements="8" coveredstatements="8" conditionals="1" coveredconditionals="1" methods="1" coveredmethods="1"/>
      <line num="1" count="1" type="stmt"/>
      <line num="2" count="1" type="cond" truecount="1" falsecount="0"/>
      <line num="3" count="10" type="stmt"/>
      <line num="4" count="10" type="stmt"/>
      <line num="5" count="10" type="stmt"/>
      <line num="6" count="1" type="stmt"/>
      <line num="7" count="1" type="stmt"/>
      <line num="8" count="1" type="stmt"/>
    </file>
  </project>
</coverage>
