TN:
SF:src\Address.js
FN:2,Address
FNF:1
FNH:1
FNDA:26,Address
DA:1,1
DA:2,1
DA:3,26
DA:4,26
DA:5,26
DA:6,26
DA:7,26
DA:8,26
DA:9,26
DA:10,26
DA:11,26
DA:12,26
DA:13,26
DA:14,26
DA:15,26
DA:16,26
DA:17,26
DA:18,26
DA:19,1
DA:20,1
DA:21,1
LF:21
LH:21
BRDA:2,0,0,26
BRF:1
BRH:1
end_of_record
TN:
SF:src\AddressValidator.js
FN:27,validate
FNF:1
FNH:1
FNDA:15,validate
DA:1,1
DA:2,1
DA:3,1
DA:4,1
DA:5,1
DA:6,1
DA:7,1
DA:8,1
DA:9,1
DA:10,1
DA:11,1
DA:12,1
DA:13,1
DA:14,1
DA:15,1
DA:16,1
DA:17,1
DA:18,1
DA:19,1
DA:20,1
DA:21,1
DA:22,1
DA:23,1
DA:24,1
DA:25,1
DA:26,1
DA:27,15
DA:28,15
DA:29,15
DA:30,15
DA:31,1
DA:32,1
DA:33,15
DA:34,15
DA:35,1
DA:36,1
DA:37,15
DA:38,15
DA:39,1
DA:40,1
DA:41,15
DA:42,15
DA:43,1
DA:44,1
DA:45,15
DA:46,15
DA:47,1
DA:48,1
DA:49,15
DA:50,15
DA:51,1
DA:52,1
DA:53,15
DA:54,15
DA:55,1
DA:56,1
DA:57,15
DA:58,15
DA:59,1
DA:60,1
DA:61,15
DA:62,15
DA:63,1
DA:64,1
DA:65,15
DA:66,15
DA:67,1
DA:68,1
DA:69,15
DA:70,15
DA:71,1
DA:72,1
DA:73,15
DA:74,15
DA:75,2
DA:76,2
DA:77,15
DA:78,15
DA:79,15
DA:80,1
DA:81,1
LF:81
LH:81
BRDA:27,0,0,15
BRDA:30,1,0,1
BRDA:34,2,0,1
BRDA:38,3,0,1
BRDA:42,4,0,1
BRDA:46,5,0,1
BRDA:50,6,0,1
BRDA:54,7,0,1
BRDA:58,8,0,1
BRDA:62,9,0,1
BRDA:66,10,0,1
BRDA:70,11,0,1
BRDA:74,12,0,2
BRF:13
BRH:13
end_of_record
TN:
SF:src\Customer.js
FN:4,Customer
FNF:1
FNH:1
FNDA:10,Customer
DA:1,1
DA:2,1
DA:3,1
DA:4,1
DA:5,10
DA:6,10
DA:7,10
DA:8,10
DA:9,10
DA:10,10
DA:11,10
DA:12,10
DA:13,10
DA:14,10
DA:15,10
DA:16,10
DA:17,10
DA:18,10
DA:19,10
DA:20,10
DA:21,10
DA:22,1
DA:23,1
DA:24,1
LF:24
LH:24
BRDA:4,0,0,10
BRF:1
BRH:1
end_of_record
TN:
SF:src\CustomerValidator.js
FN:20,validate
FNF:1
FNH:1
FNDA:9,validate
DA:1,1
DA:2,1
DA:3,1
DA:4,1
DA:5,1
DA:6,1
DA:7,1
DA:8,1
DA:9,1
DA:10,1
DA:11,1
DA:12,1
DA:13,1
DA:14,1
DA:15,1
DA:16,1
DA:17,1
DA:18,1
DA:19,1
DA:20,9
DA:21,9
DA:22,9
DA:23,9
DA:24,1
DA:25,1
DA:26,9
DA:27,9
DA:28,1
DA:29,1
DA:30,9
DA:31,9
DA:32,1
DA:33,1
DA:34,9
DA:35,9
DA:36,1
DA:37,1
DA:38,9
DA:39,9
DA:40,1
DA:41,1
DA:42,9
DA:43,9
DA:44,1
DA:45,1
DA:46,9
DA:47,9
DA:48,1
DA:49,1
DA:50,9
DA:51,9
DA:52,1
DA:53,1
DA:54,9
DA:55,9
DA:56,9
DA:57,1
DA:58,1
LF:58
LH:58
BRDA:20,0,0,9
BRDA:23,1,0,1
BRDA:27,2,0,1
BRDA:31,3,0,1
BRDA:35,4,0,1
BRDA:39,5,0,1
BRDA:43,6,0,1
BRDA:47,7,0,1
BRDA:51,8,0,1
BRF:9
BRH:9
end_of_record
TN:
SF:src\Person.js
FN:2,Person
FNF:1
FNH:1
FNDA:10,Person
DA:1,1
DA:2,1
DA:3,10
DA:4,10
DA:5,10
DA:6,1
DA:7,1
DA:8,1
LF:8
LH:8
BRDA:2,0,0,10
BRF:1
BRH:1
end_of_record
